Build started 28.06.2012 22:32:47.
     1>Project "C:\Users\andrey\андрей\с++\new\anphys\tests\file_system\file_system\file_system.vcxproj" on node 2 (build target(s)).
     1>InitializeBuildStatus:
         Touching "Debug\file_system.unsuccessfulbuild".
       ClCompile:
         C:\Program Files (x86)\Microsoft Visual Studio 10.0\VC\bin\CL.exe /c /ZI /nologo /W3 /WX- /Od /Oy- /D WIN32 /D _DEBUG /D _CONSOLE /D _UNICODE /D UNICODE /Gm /EHsc /RTC1 /MDd /GS /fp:precise /Zc:wchar_t /Zc:forScope /Fo"Debug\\" /Fd"Debug\vc100.pdb" /Gd /TP /analyze- /errorReport:prompt ..\..\..\src\util\file_system\file_system.cpp
         file_system.cpp
     1>c:\program files (x86)\microsoft visual studio 10.0\vc\include\algorithm(41): error C2678: binary '==' : no operator found which takes a left-hand operand of type 'std::pair<_Ty1,_Ty2>' (or there is no acceptable conversion)
                 with
                 [
                     _Ty1=const std::string,
                     _Ty2=cFile *
                 ]
                 could be 'built-in C++ operator==(cFile *, cFile *)'
                 c:\program files (x86)\microsoft sdks\windows\v7.0a\include\guiddef.h(192): or       'int operator ==(const GUID &,const GUID &)' [found using argument-dependent lookup]
                 c:\program files (x86)\microsoft visual studio 10.0\vc\include\exception(470): or       'bool std::operator ==(const std::_Exception_ptr &,const std::_Exception_ptr &)'
                 c:\program files (x86)\microsoft visual studio 10.0\vc\include\exception(475): or       'bool std::operator ==(std::_Null_type,const std::_Exception_ptr &)'
                 c:\program files (x86)\microsoft visual studio 10.0\vc\include\exception(481): or       'bool std::operator ==(const std::_Exception_ptr &,std::_Null_type)'
                 c:\program files (x86)\microsoft visual studio 10.0\vc\include\system_error(408): or       'bool std::operator ==(const std::error_code &,const std::error_condition &)'
                 c:\program files (x86)\microsoft visual studio 10.0\vc\include\system_error(416): or       'bool std::operator ==(const std::error_condition &,const std::error_code &)'
                 while trying to match the argument list '(std::pair<_Ty1,_Ty2>, cFile *const )'
                 with
                 [
                     _Ty1=const std::string,
                     _Ty2=cFile *
                 ]
                 c:\program files (x86)\microsoft visual studio 10.0\vc\include\algorithm(74) : see reference to function template instantiation '_InIt std::_Find<std::_Tree_unchecked_iterator<_Mytree>,_Ty>(_InIt,_InIt,const _Ty &)' being compiled
                 with
                 [
                     _InIt=std::_Tree_unchecked_iterator<std::_Tree_val<std::_Tmap_traits<std::string,cFile *,std::less<std::string>,std::allocator<std::pair<const std::string,cFile *>>,false>>>,
                     _Mytree=std::_Tree_val<std::_Tmap_traits<std::string,cFile *,std::less<std::string>,std::allocator<std::pair<const std::string,cFile *>>,false>>,
                     _Ty=cFile *
                 ]
                 c:\users\andrey\андрей\с++\new\anphys\src\util\file_system\file_system.cpp(77) : see reference to function template instantiation '_InIt std::find<std::_Tree_iterator<_Mytree>,cFile*>(_InIt,_InIt,const _Ty &)' being compiled
                 with
                 [
                     _InIt=std::_Tree_iterator<std::_Tree_val<std::_Tmap_traits<std::string,cFile *,std::less<std::string>,std::allocator<std::pair<const std::string,cFile *>>,false>>>,
                     _Mytree=std::_Tree_val<std::_Tmap_traits<std::string,cFile *,std::less<std::string>,std::allocator<std::pair<const std::string,cFile *>>,false>>,
                     _Ty=cFile *
                 ]
     1>Done Building Project "C:\Users\andrey\андрей\с++\new\anphys\tests\file_system\file_system\file_system.vcxproj" (build target(s)) -- FAILED.

Build FAILED.

Time Elapsed 00:00:02.38
